  DemoPIPs1.cpp
  DemoPIPs2.cpp
  JUCEDemos.cpp
  DemoContentComponent.cpp
  MainComponent.cpp
  Main.cpp
  include_juce_analytics.cpp
  include_juce_audio_basics.cpp
  include_juce_audio_devices.cpp
  include_juce_audio_formats.cpp
  include_juce_audio_processors.cpp
  include_juce_audio_utils.cpp
  include_juce_blocks_basics.cpp
  include_juce_box2d.cpp
  include_juce_core.cpp
  include_juce_cryptography.cpp
  include_juce_data_structures.cpp
  include_juce_dsp.cpp
  include_juce_events.cpp
  include_juce_graphics.cpp
  include_juce_gui_basics.cpp
  include_juce_gui_extra.cpp
  include_juce_opengl.cpp
  include_juce_osc.cpp
  include_juce_product_unlocking.cpp
  include_juce_video.cpp
  Code wird generiert.
  Codegenerierung ist abgeschlossen.
  DemoRunner_App.vcxproj -> G:\VSTProjects\JUCE\examples\DemoRunner\Builds\VisualStudio2017\x64\Release\App\DemoRunner.exe
